<?xml version="1.0" encoding="UTF-8"?>
<testng-results ignored="1" total="2" passed="1" failed="0" skipped="0">
  <reporter-output>
  </reporter-output>
  <suite started-at="2023-04-02T10:59:38 BDT" name="Default suite" finished-at="2023-04-02T11:00:03 BDT" duration-ms="24759">
    <groups>
    </groups>
    <test started-at="2023-04-02T10:59:38 BDT" name="Default test" finished-at="2023-04-02T11:00:03 BDT" duration-ms="24759">
      <class name="handelWebElement.JsInAutomation">
        <test-method is-config="true" signature="SetDriver()[pri:0, instance:handelWebElement.JsInAutomation@1530c739]" started-at="2023-04-02T10:59:35 BDT" name="SetDriver" finished-at="2023-04-02T10:59:38 BDT" duration-ms="3509" status="PASS">
          <reporter-output>
          </reporter-output>
        </test-method> <!-- SetDriver -->
        <test-method signature="scrollUsingJs()[pri:0, instance:handelWebElement.JsInAutomation@1530c739]" started-at="2023-04-02T10:59:39 BDT" name="scrollUsingJs" finished-at="2023-04-02T11:00:03 BDT" duration-ms="24644" status="PASS">
          <reporter-output>
          </reporter-output>
        </test-method> <!-- scrollUsingJs -->
        <test-method is-config="true" signature="quitDriver()[pri:0, instance:handelWebElement.JsInAutomation@1530c739]" started-at="2023-04-02T11:00:03 BDT" name="quitDriver" finished-at="2023-04-02T11:00:04 BDT" duration-ms="380" status="PASS">
          <reporter-output>
          </reporter-output>
        </test-method> <!-- quitDriver -->
      </class> <!-- handelWebElement.JsInAutomation -->
    </test> <!-- Default test -->
  </suite> <!-- Default suite -->
</testng-results>
