<?xml version="1.0" encoding="UTF-8"?>
<!-- Generated by org.testng.reporters.JUnitXMLReporter -->
<testsuite ignored="1" hostname="DESKTOP-8T6KI5E" failures="0" tests="1" name="Default test" time="24.759" errors="0" timestamp="2023-04-02T11:00:03 BDT">
  <testcase classname="handelWebElement.JsInAutomation" name="scrollUsingJs" time="24.644"/>
  <testcase classname="handelWebElement.JsInAutomation" name="testWait" time="0.0">
    <ignored/>
  </testcase> <!-- testWait -->
</testsuite> <!-- Default test -->
